This is pdfTeX, Version 3.141592653-2.6-1.40.26 (TeX Live 2024) (preloaded format=pdflatex 2024.6.4)  12 NOV 2024 15:35
entering extended mode
 restricted \write18 enabled.
 %&-line parsing enabled.
**main.tex
(./main.tex
LaTeX2e <2024-06-01>
L3 programming layer <2024-05-08>
(c:/Users/Zuza/AppData/Roaming/TinyTeX/texmf-dist/tex/latex/base/article.cls
Document Class: article 2024/02/08 v1.4n Standard LaTeX document class
(c:/Users/Zuza/AppData/Roaming/TinyTeX/texmf-dist/tex/latex/base/size10.clo
File: size10.clo 2024/02/08 v1.4n Standard LaTeX file (size option)
)
\c@part=\count194
\c@section=\count195
\c@subsection=\count196
\c@subsubsection=\count197
\c@paragraph=\count198
\c@subparagraph=\count199
\c@figure=\count266
\c@table=\count267
\abovecaptionskip=\skip49
\belowcaptionskip=\skip50
\bibindent=\dimen141
) (c:/Users/Zuza/AppData/Roaming/TinyTeX/texmf-dist/tex/latex/base/inputenc.sty
Package: inputenc 2024/02/08 v1.3d Input encoding file
\inpenc@prehook=\toks17
\inpenc@posthook=\toks18
) (c:/Users/Zuza/AppData/Roaming/TinyTeX/texmf-dist/tex/latex/base/fontenc.sty
Package: fontenc 2021/04/29 v2.0v Standard LaTeX package
) (c:/Users/Zuza/AppData/Roaming/TinyTeX/texmf-dist/tex/latex/booktabs/booktabs.sty
Package: booktabs 2020/01/12 v1.61803398 Publication quality tables
\heavyrulewidth=\dimen142
\lightrulewidth=\dimen143
\cmidrulewidth=\dimen144
\belowrulesep=\dimen145
\belowbottomsep=\dimen146
\aboverulesep=\dimen147
\abovetopsep=\dimen148
\cmidrulesep=\dimen149
\cmidrulekern=\dimen150
\defaultaddspace=\dimen151
\@cmidla=\count268
\@cmidlb=\count269
\@aboverulesep=\dimen152
\@belowrulesep=\dimen153
\@thisruleclass=\count270
\@lastruleclass=\count271
\@thisrulewidth=\dimen154
) (c:/Users/Zuza/AppData/Roaming/TinyTeX/texmf-dist/tex/latex/graphics/graphicx.sty
Package: graphicx 2021/09/16 v1.2d Enhanced LaTeX Graphics (DPC,SPQR)
 (c:/Users/Zuza/AppData/Roaming/TinyTeX/texmf-dist/tex/latex/graphics/keyval.sty
Package: keyval 2022/05/29 v1.15 key=value parser (DPC)
\KV@toks@=\toks19
) (c:/Users/Zuza/AppData/Roaming/TinyTeX/texmf-dist/tex/latex/graphics/graphics.sty
Package: graphics 2024/05/23 v1.4g Standard LaTeX Graphics (DPC,SPQR)
 (c:/Users/Zuza/AppData/Roaming/TinyTeX/texmf-dist/tex/latex/graphics/trig.sty
Package: trig 2023/12/02 v1.11 sin cos tan (DPC)
) (c:/Users/Zuza/AppData/Roaming/TinyTeX/texmf-dist/tex/latex/graphics-cfg/graphics.cfg
File: graphics.cfg 2016/06/04 v1.11 sample graphics configuration
)
Package graphics Info: Driver file: pdftex.def on input line 106.
 (c:/Users/Zuza/AppData/Roaming/TinyTeX/texmf-dist/tex/latex/graphics-def/pdftex.def
File: pdftex.def 2024/04/13 v1.2c Graphics/color driver for pdftex
))
\Gin@req@height=\dimen155
\Gin@req@width=\dimen156
) (c:/Users/Zuza/AppData/Roaming/TinyTeX/texmf-dist/tex/latex/float/float.sty
Package: float 2001/11/08 v1.3d Float enhancements (AL)
\c@float@type=\count272
\float@exts=\toks20
\float@box=\box52
\@float@everytoks=\toks21
\@floatcapt=\box53
) (c:/Users/Zuza/AppData/Roaming/TinyTeX/texmf-dist/tex/latex/placeins/placeins.sty
Package: placeins 2005/04/18  v 2.2
) (c:/Users/Zuza/AppData/Roaming/TinyTeX/texmf-dist/tex/latex/listings/listings.sty
\lst@mode=\count273
\lst@gtempboxa=\box54
\lst@token=\toks22
\lst@length=\count274
\lst@currlwidth=\dimen157
\lst@column=\count275
\lst@pos=\count276
\lst@lostspace=\dimen158
\lst@width=\dimen159
\lst@newlines=\count277
\lst@lineno=\count278
\lst@maxwidth=\dimen160
 (c:/Users/Zuza/AppData/Roaming/TinyTeX/texmf-dist/tex/latex/listings/lstpatch.sty
File: lstpatch.sty 2024/09/23 1.10c (Carsten Heinz)
) (c:/Users/Zuza/AppData/Roaming/TinyTeX/texmf-dist/tex/latex/listings/lstmisc.sty
File: lstmisc.sty 2024/09/23 1.10c (Carsten Heinz)
\c@lstnumber=\count279
\lst@skipnumbers=\count280
\lst@framebox=\box55
) (c:/Users/Zuza/AppData/Roaming/TinyTeX/texmf-dist/tex/latex/listings/listings.cfg
File: listings.cfg 2024/09/23 1.10c listings configuration
))
Package: listings 2024/09/23 1.10c (Carsten Heinz)
 (c:/Users/Zuza/AppData/Roaming/TinyTeX/texmf-dist/tex/latex/graphics/color.sty
Package: color 2024/01/14 v1.3d Standard LaTeX Color (DPC)
 (c:/Users/Zuza/AppData/Roaming/TinyTeX/texmf-dist/tex/latex/graphics-cfg/color.cfg
File: color.cfg 2016/01/02 v1.6 sample color configuration
)
Package color Info: Driver file: pdftex.def on input line 149.
 (c:/Users/Zuza/AppData/Roaming/TinyTeX/texmf-dist/tex/latex/graphics/mathcolor.ltx)) (c:/Users/Zuza/AppData/Roaming/TinyTeX/texmf-dist/tex/latex/listings/lstlang1.sty
File: lstlang1.sty 2024/09/23 1.10c listings language file
) (c:/Users/Zuza/AppData/Roaming/TinyTeX/texmf-dist/tex/latex/listings/lstlang2.sty
File: lstlang2.sty 2024/09/23 1.10c listings language file
) (c:/Users/Zuza/AppData/Roaming/TinyTeX/texmf-dist/tex/latex/listings/lstlang3.sty
File: lstlang3.sty 2024/09/23 1.10c listings language file
) (c:/Users/Zuza/AppData/Roaming/TinyTeX/texmf-dist/tex/latex/graphics/epsfig.sty
Package: epsfig 2024/01/14 v1.7b (e)psfig emulation (SPQR)
\epsfxsize=\dimen161
\epsfysize=\dimen162
) (c:/Users/Zuza/AppData/Roaming/TinyTeX/texmf-dist/tex/latex/amsmath/amsmath.sty
Package: amsmath 2024/05/23 v2.17q AMS math features
\@mathmargin=\skip51

For additional information on amsmath, use the `?' option.
(c:/Users/Zuza/AppData/Roaming/TinyTeX/texmf-dist/tex/latex/amsmath/amstext.sty
Package: amstext 2021/08/26 v2.01 AMS text
 (c:/Users/Zuza/AppData/Roaming/TinyTeX/texmf-dist/tex/latex/amsmath/amsgen.sty
File: amsgen.sty 1999/11/30 v2.0 generic functions
\@emptytoks=\toks23
\ex@=\dimen163
)) (c:/Users/Zuza/AppData/Roaming/TinyTeX/texmf-dist/tex/latex/amsmath/amsbsy.sty
Package: amsbsy 1999/11/29 v1.2d Bold Symbols
\pmbraise@=\dimen164
) (c:/Users/Zuza/AppData/Roaming/TinyTeX/texmf-dist/tex/latex/amsmath/amsopn.sty
Package: amsopn 2022/04/08 v2.04 operator names
)
\inf@bad=\count281
LaTeX Info: Redefining \frac on input line 233.
\uproot@=\count282
\leftroot@=\count283
LaTeX Info: Redefining \overline on input line 398.
LaTeX Info: Redefining \colon on input line 409.
\classnum@=\count284
\DOTSCASE@=\count285
LaTeX Info: Redefining \ldots on input line 495.
LaTeX Info: Redefining \dots on input line 498.
LaTeX Info: Redefining \cdots on input line 619.
\Mathstrutbox@=\box56
\strutbox@=\box57
LaTeX Info: Redefining \big on input line 721.
LaTeX Info: Redefining \Big on input line 722.
LaTeX Info: Redefining \bigg on input line 723.
LaTeX Info: Redefining \Bigg on input line 724.
\big@size=\dimen165
LaTeX Font Info:    Redeclaring font encoding OML on input line 742.
LaTeX Font Info:    Redeclaring font encoding OMS on input line 743.
\macc@depth=\count286
LaTeX Info: Redefining \bmod on input line 904.
LaTeX Info: Redefining \pmod on input line 909.
LaTeX Info: Redefining \smash on input line 939.
LaTeX Info: Redefining \relbar on input line 969.
LaTeX Info: Redefining \Relbar on input line 970.
\c@MaxMatrixCols=\count287
\dotsspace@=\muskip17
\c@parentequation=\count288
\dspbrk@lvl=\count289
\tag@help=\toks24
\row@=\count290
\column@=\count291
\maxfields@=\count292
\andhelp@=\toks25
\eqnshift@=\dimen166
\alignsep@=\dimen167
\tagshift@=\dimen168
\tagwidth@=\dimen169
\totwidth@=\dimen170
\lineht@=\dimen171
\@envbody=\toks26
\multlinegap=\skip52
\multlinetaggap=\skip53
\mathdisplay@stack=\toks27
LaTeX Info: Redefining \[ on input line 2953.
LaTeX Info: Redefining \] on input line 2954.
) (c:/Users/Zuza/AppData/Roaming/TinyTeX/texmf-dist/tex/latex/amsfonts/amssymb.sty
Package: amssymb 2013/01/14 v3.01 AMS font symbols
 (c:/Users/Zuza/AppData/Roaming/TinyTeX/texmf-dist/tex/latex/amsfonts/amsfonts.sty
Package: amsfonts 2013/01/14 v3.01 Basic AMSFonts support
\symAMSa=\mathgroup4
\symAMSb=\mathgroup5
LaTeX Font Info:    Redeclaring math symbol \hbar on input line 98.
LaTeX Font Info:    Overwriting math alphabet `\mathfrak' in version `bold'
(Font)                  U/euf/m/n --> U/euf/b/n on input line 106.
)) (c:/Users/Zuza/AppData/Roaming/TinyTeX/texmf-dist/tex/latex/geometry/geometry.sty
Package: geometry 2020/01/02 v5.9 Page Geometry
 (c:/Users/Zuza/AppData/Roaming/TinyTeX/texmf-dist/tex/generic/iftex/ifvtex.sty
Package: ifvtex 2019/10/25 v1.7 ifvtex legacy package. Use iftex instead.
 (c:/Users/Zuza/AppData/Roaming/TinyTeX/texmf-dist/tex/generic/iftex/iftex.sty
Package: iftex 2022/02/03 v1.0f TeX engine tests
))
\Gm@cnth=\count293
\Gm@cntv=\count294
\c@Gm@tempcnt=\count295
\Gm@bindingoffset=\dimen172
\Gm@wd@mp=\dimen173
\Gm@odd@mp=\dimen174
\Gm@even@mp=\dimen175
\Gm@layoutwidth=\dimen176
\Gm@layoutheight=\dimen177
\Gm@layouthoffset=\dimen178
\Gm@layoutvoffset=\dimen179
\Gm@dimlist=\toks28
) (c:/Users/Zuza/AppData/Roaming/TinyTeX/texmf-dist/tex/latex/hyperref/hyperref.sty
Package: hyperref 2024-05-23 v7.01i Hypertext links for LaTeX
 (c:/Users/Zuza/AppData/Roaming/TinyTeX/texmf-dist/tex/latex/kvsetkeys/kvsetkeys.sty
Package: kvsetkeys 2022-10-05 v1.19 Key value parser (HO)
) (c:/Users/Zuza/AppData/Roaming/TinyTeX/texmf-dist/tex/generic/kvdefinekeys/kvdefinekeys.sty
Package: kvdefinekeys 2019-12-19 v1.6 Define keys (HO)
) (c:/Users/Zuza/AppData/Roaming/TinyTeX/texmf-dist/tex/generic/pdfescape/pdfescape.sty
Package: pdfescape 2019/12/09 v1.15 Implements pdfTeX's escape features (HO)
 (c:/Users/Zuza/AppData/Roaming/TinyTeX/texmf-dist/tex/generic/ltxcmds/ltxcmds.sty
Package: ltxcmds 2023-12-04 v1.26 LaTeX kernel commands for general use (HO)
) (c:/Users/Zuza/AppData/Roaming/TinyTeX/texmf-dist/tex/generic/pdftexcmds/pdftexcmds.sty
Package: pdftexcmds 2020-06-27 v0.33 Utility functions of pdfTeX for LuaTeX (HO)
 (c:/Users/Zuza/AppData/Roaming/TinyTeX/texmf-dist/tex/generic/infwarerr/infwarerr.sty
Package: infwarerr 2019/12/03 v1.5 Providing info/warning/error messages (HO)
)
Package pdftexcmds Info: \pdf@primitive is available.
Package pdftexcmds Info: \pdf@ifprimitive is available.
Package pdftexcmds Info: \pdfdraftmode found.
)) (c:/Users/Zuza/AppData/Roaming/TinyTeX/texmf-dist/tex/latex/hycolor/hycolor.sty
Package: hycolor 2020-01-27 v1.10 Color options for hyperref/bookmark (HO)
) (c:/Users/Zuza/AppData/Roaming/TinyTeX/texmf-dist/tex/latex/hyperref/nameref.sty
Package: nameref 2023-11-26 v2.56 Cross-referencing by name of section
 (c:/Users/Zuza/AppData/Roaming/TinyTeX/texmf-dist/tex/latex/refcount/refcount.sty
Package: refcount 2019/12/15 v3.6 Data extraction from label references (HO)
) (c:/Users/Zuza/AppData/Roaming/TinyTeX/texmf-dist/tex/generic/gettitlestring/gettitlestring.sty
Package: gettitlestring 2019/12/15 v1.6 Cleanup title references (HO)
 (c:/Users/Zuza/AppData/Roaming/TinyTeX/texmf-dist/tex/latex/kvoptions/kvoptions.sty
Package: kvoptions 2022-06-15 v3.15 Key value format for package options (HO)
))
\c@section@level=\count296
) (c:/Users/Zuza/AppData/Roaming/TinyTeX/texmf-dist/tex/latex/etoolbox/etoolbox.sty
Package: etoolbox 2020/10/05 v2.5k e-TeX tools for LaTeX (JAW)
\etb@tempcnta=\count297
) (c:/Users/Zuza/AppData/Roaming/TinyTeX/texmf-dist/tex/generic/stringenc/stringenc.sty
Package: stringenc 2019/11/29 v1.12 Convert strings between diff. encodings (HO)
)
\@linkdim=\dimen180
\Hy@linkcounter=\count298
\Hy@pagecounter=\count299
 (c:/Users/Zuza/AppData/Roaming/TinyTeX/texmf-dist/tex/latex/hyperref/pd1enc.def
File: pd1enc.def 2024-05-23 v7.01i Hyperref: PDFDocEncoding definition (HO)
Now handling font encoding PD1 ...
... no UTF-8 mapping file for font encoding PD1
) (c:/Users/Zuza/AppData/Roaming/TinyTeX/texmf-dist/tex/generic/intcalc/intcalc.sty
Package: intcalc 2019/12/15 v1.3 Expandable calculations with integers (HO)
)
\Hy@SavedSpaceFactor=\count300
 (c:/Users/Zuza/AppData/Roaming/TinyTeX/texmf-dist/tex/latex/hyperref/puenc.def
File: puenc.def 2024-05-23 v7.01i Hyperref: PDF Unicode definition (HO)
Now handling font encoding PU ...
... no UTF-8 mapping file for font encoding PU
)
Package hyperref Info: Option `breaklinks' set `true' on input line 4040.
Package hyperref Info: Option `bookmarks' set `false' on input line 4040.
Package hyperref Info: Hyper figures OFF on input line 4157.
Package hyperref Info: Link nesting OFF on input line 4162.
Package hyperref Info: Hyper index ON on input line 4165.
Package hyperref Info: Plain pages OFF on input line 4172.
Package hyperref Info: Backreferencing OFF on input line 4177.
Package hyperref Info: Implicit mode ON; LaTeX internals redefined.
Package hyperref Info: Bookmarks OFF on input line 4430.
\c@Hy@tempcnt=\count301
 (c:/Users/Zuza/AppData/Roaming/TinyTeX/texmf-dist/tex/latex/url/url.sty
\Urlmuskip=\muskip18
Package: url 2013/09/16  ver 3.4  Verb mode for urls, etc.
)
LaTeX Info: Redefining \url on input line 4763.
\XeTeXLinkMargin=\dimen181
 (c:/Users/Zuza/AppData/Roaming/TinyTeX/texmf-dist/tex/generic/bitset/bitset.sty
Package: bitset 2019/12/09 v1.3 Handle bit-vector datatype (HO)
 (c:/Users/Zuza/AppData/Roaming/TinyTeX/texmf-dist/tex/generic/bigintcalc/bigintcalc.sty
Package: bigintcalc 2019/12/15 v1.5 Expandable calculations on big integers (HO)
))
\Fld@menulength=\count302
\Field@Width=\dimen182
\Fld@charsize=\dimen183
Package hyperref Info: Hyper figures OFF on input line 6042.
Package hyperref Info: Link nesting OFF on input line 6047.
Package hyperref Info: Hyper index ON on input line 6050.
Package hyperref Info: backreferencing OFF on input line 6057.
Package hyperref Info: Link coloring OFF on input line 6062.
Package hyperref Info: Link coloring with OCG OFF on input line 6067.
Package hyperref Info: PDF/A mode OFF on input line 6072.
 (c:/Users/Zuza/AppData/Roaming/TinyTeX/texmf-dist/tex/latex/base/atbegshi-ltx.sty
Package: atbegshi-ltx 2021/01/10 v1.0c Emulation of the original atbegshi
package with kernel methods
)
\Hy@abspage=\count303
\c@Item=\count304
\c@Hfootnote=\count305
)
Package hyperref Info: Driver (autodetected): hpdftex.
 (c:/Users/Zuza/AppData/Roaming/TinyTeX/texmf-dist/tex/latex/hyperref/hpdftex.def
File: hpdftex.def 2024-05-23 v7.01i Hyperref driver for pdfTeX
 (c:/Users/Zuza/AppData/Roaming/TinyTeX/texmf-dist/tex/latex/base/atveryend-ltx.sty
Package: atveryend-ltx 2020/08/19 v1.0a Emulation of the original atveryend package
with kernel methods
)
\Fld@listcount=\count306
\c@bookmark@seq@number=\count307
 (c:/Users/Zuza/AppData/Roaming/TinyTeX/texmf-dist/tex/latex/rerunfilecheck/rerunfilecheck.sty
Package: rerunfilecheck 2022-07-10 v1.10 Rerun checks for auxiliary files (HO)
 (c:/Users/Zuza/AppData/Roaming/TinyTeX/texmf-dist/tex/generic/uniquecounter/uniquecounter.sty
Package: uniquecounter 2019/12/15 v1.4 Provide unlimited unique counter (HO)
)
Package uniquecounter Info: New unique counter `rerunfilecheck' on input line 285.
)
\Hy@SectionHShift=\skip54
) (c:/Users/Zuza/AppData/Roaming/TinyTeX/texmf-dist/tex/latex/l3backend/l3backend-pdftex.def
File: l3backend-pdftex.def 2024-05-08 L3 backend support: PDF output (pdfTeX)
\l__color_backend_stack_int=\count308
\l__pdf_internal_box=\box58
) (./main.aux

LaTeX Warning: Label `fig:other-figure' multiply defined.


LaTeX Warning: Label `fig:other-figure-log' multiply defined.


LaTeX Warning: Label `fig:other-figure-log' multiply defined.


LaTeX Warning: Label `fig:other-figure-log' multiply defined.


LaTeX Warning: Label `fig:other-figure-log' multiply defined.


LaTeX Warning: Label `fig:other-figure-log' multiply defined.


LaTeX Warning: Label `fig:other-figure-log' multiply defined.


LaTeX Warning: Label `fig:other-figure-log' multiply defined.


LaTeX Warning: Label `fig:other-figure-log' multiply defined.


LaTeX Warning: Label `fig:other-figure-log' multiply defined.


LaTeX Warning: Label `fig:other-figure-log' multiply defined.


LaTeX Warning: Label `fig:other-figure-log' multiply defined.


LaTeX Warning: Label `fig:other-figure-log' multiply defined.


LaTeX Warning: Label `fig:other-figure-log' multiply defined.


LaTeX Warning: Label `fig:other-figure-log' multiply defined.


LaTeX Warning: Label `fig:other-figure-log' multiply defined.

)
\openout1 = `main.aux'.

LaTeX Font Info:    Checking defaults for OML/cmm/m/it on input line 46.
LaTeX Font Info:    ... okay on input line 46.
LaTeX Font Info:    Checking defaults for OMS/cmsy/m/n on input line 46.
LaTeX Font Info:    ... okay on input line 46.
LaTeX Font Info:    Checking defaults for OT1/cmr/m/n on input line 46.
LaTeX Font Info:    ... okay on input line 46.
LaTeX Font Info:    Checking defaults for T1/cmr/m/n on input line 46.
LaTeX Font Info:    ... okay on input line 46.
LaTeX Font Info:    Checking defaults for TS1/cmr/m/n on input line 46.
LaTeX Font Info:    ... okay on input line 46.
LaTeX Font Info:    Checking defaults for OMX/cmex/m/n on input line 46.
LaTeX Font Info:    ... okay on input line 46.
LaTeX Font Info:    Checking defaults for U/cmr/m/n on input line 46.
LaTeX Font Info:    ... okay on input line 46.
LaTeX Font Info:    Checking defaults for PD1/pdf/m/n on input line 46.
LaTeX Font Info:    ... okay on input line 46.
LaTeX Font Info:    Checking defaults for PU/pdf/m/n on input line 46.
LaTeX Font Info:    ... okay on input line 46.
 (c:/Users/Zuza/AppData/Roaming/TinyTeX/texmf-dist/tex/latex/epstopdf-pkg/epstopdf-base.sty
Package: epstopdf-base 2020-01-24 v2.11 Base part for package epstopdf
Package epstopdf-base Info: Redefining graphics rule for `.eps' on input line 485.
 (c:/Users/Zuza/AppData/Roaming/TinyTeX/texmf-dist/tex/latex/latexconfig/epstopdf-sys.cfg
File: epstopdf-sys.cfg 2010/07/13 v1.3 Configuration of (r)epstopdf for TeX Live
))
\c@lstlisting=\count309

*geometry* driver: auto-detecting
*geometry* detected driver: pdftex
*geometry* verbose mode - [ preamble ] result:
* driver: pdftex
* paper: letterpaper
* layout: <same size as paper>
* layoutoffset:(h,v)=(0.0pt,0.0pt)
* modes: 
* h-part:(L,W,R)=(42.67912pt, 528.93675pt, 42.67912pt)
* v-part:(T,H,B)=(56.9055pt, 681.15898pt, 56.9055pt)
* \paperwidth=614.295pt
* \paperheight=794.96999pt
* \textwidth=528.93675pt
* \textheight=681.15898pt
* \oddsidemargin=-29.59087pt
* \evensidemargin=-29.59087pt
* \topmargin=-52.36449pt
* \headheight=12.0pt
* \headsep=25.0pt
* \topskip=10.0pt
* \footskip=30.0pt
* \marginparwidth=65.0pt
* \marginparsep=11.0pt
* \columnsep=10.0pt
* \skip\footins=9.0pt plus 4.0pt minus 2.0pt
* \hoffset=0.0pt
* \voffset=0.0pt
* \mag=1000
* \@twocolumnfalse
* \@twosidefalse
* \@mparswitchfalse
* \@reversemarginfalse
* (1in=72.27pt=25.4mm, 1cm=28.453pt)

Package hyperref Info: Link coloring OFF on input line 46.
LaTeX Font Info:    Trying to load font information for U+msa on input line 59.
(c:/Users/Zuza/AppData/Roaming/TinyTeX/texmf-dist/tex/latex/amsfonts/umsa.fd
File: umsa.fd 2013/01/14 v3.01 AMS symbols A
)
LaTeX Font Info:    Trying to load font information for U+msb on input line 59.
 (c:/Users/Zuza/AppData/Roaming/TinyTeX/texmf-dist/tex/latex/amsfonts/umsb.fd
File: umsb.fd 2013/01/14 v3.01 AMS symbols B
)
LaTeX Font Info:    Trying to load font information for T1+cmtt on input line 59.
 (c:/Users/Zuza/AppData/Roaming/TinyTeX/texmf-dist/tex/latex/base/t1cmtt.fd
File: t1cmtt.fd 2023/04/13 v2.5m Standard LaTeX font definitions
)
Overfull \hbox (15.65285pt too wide) in paragraph at lines 63--64
\T1/cmr/m/n/10 Zbiór danych zostaª po-brany ze strony []$\T1/cmtt/m/n/10 https : / / www . kaggle . com / datasets / tunguz / used -[] car -[] auction -[] prices ? resource =
 []

<figures/brakujace.png, id=5, 722.7pt x 433.62pt>
File: figures/brakujace.png Graphic file (type png)
<use figures/brakujace.png>
Package pdftex.def Info: figures/brakujace.png  used on input line 89.
(pdftex.def)             Requested size: 370.2541pt x 222.1556pt.


[1

{c:/Users/Zuza/AppData/Roaming/TinyTeX/texmf-var/fonts/map/pdftex/updmap/pdftex.map}]
<figures/histogramy.png, id=23, 1084.05pt x 722.7pt>
File: figures/histogramy.png Graphic file (type png)
<use figures/histogramy.png>
Package pdftex.def Info: figures/histogramy.png  used on input line 104.
(pdftex.def)             Requested size: 370.2541pt x 246.83955pt.


[2 <./figures/brakujace.png>]
<figures/histogramy_log.png, id=33, 1084.05pt x 722.7pt>
File: figures/histogramy_log.png Graphic file (type png)
<use figures/histogramy_log.png>
Package pdftex.def Info: figures/histogramy_log.png  used on input line 112.
(pdftex.def)             Requested size: 370.2541pt x 246.83955pt.
<figures/boxplot_wszystko.png, id=34, 1084.05pt x 722.7pt>
File: figures/boxplot_wszystko.png Graphic file (type png)
<use figures/boxplot_wszystko.png>
Package pdftex.def Info: figures/boxplot_wszystko.png  used on input line 121.
(pdftex.def)             Requested size: 370.2541pt x 246.83955pt.


[3 <./figures/histogramy.png> <./figures/histogramy_log.png>]
<figures/boxplot_sellingprice.png, id=43, 867.24pt x 433.62pt>
File: figures/boxplot_sellingprice.png Graphic file (type png)
<use figures/boxplot_sellingprice.png>
Package pdftex.def Info: figures/boxplot_sellingprice.png  used on input line 130.
(pdftex.def)             Requested size: 370.2541pt x 185.12967pt.
<figures/boxplot_odometer.png, id=44, 867.24pt x 433.62pt>
File: figures/boxplot_odometer.png Graphic file (type png)
<use figures/boxplot_odometer.png>
Package pdftex.def Info: figures/boxplot_odometer.png  used on input line 138.
(pdftex.def)             Requested size: 370.2541pt x 185.12967pt.


[4 <./figures/boxplot_wszystko.png> <./figures/boxplot_sellingprice.png>]
<figures/boxplot_mmr.png, id=54, 867.24pt x 433.62pt>
File: figures/boxplot_mmr.png Graphic file (type png)
<use figures/boxplot_mmr.png>
Package pdftex.def Info: figures/boxplot_mmr.png  used on input line 146.
(pdftex.def)             Requested size: 370.2541pt x 185.12967pt.
<figures/boxplot_condition.png, id=55, 867.24pt x 433.62pt>
File: figures/boxplot_condition.png Graphic file (type png)
<use figures/boxplot_condition.png>
Package pdftex.def Info: figures/boxplot_condition.png  used on input line 154.
(pdftex.def)             Requested size: 370.2541pt x 185.12967pt.


[5 <./figures/boxplot_odometer.png> <./figures/boxplot_mmr.png>]
<figures/boxplot_year.png, id=64, 867.24pt x 433.62pt>
File: figures/boxplot_year.png Graphic file (type png)
<use figures/boxplot_year.png>
Package pdftex.def Info: figures/boxplot_year.png  used on input line 162.
(pdftex.def)             Requested size: 370.2541pt x 185.12967pt.
<figures/pairplot.png, id=65, 903.375pt x 903.375pt>
File: figures/pairplot.png Graphic file (type png)
<use figures/pairplot.png>
Package pdftex.def Info: figures/pairplot.png  used on input line 175.
(pdftex.def)             Requested size: 370.2541pt x 370.26208pt.


[6 <./figures/boxplot_condition.png> <./figures/boxplot_year.png>]
<figures/korelacja.png, id=74, 1156.32pt x 1156.32pt>
File: figures/korelacja.png Graphic file (type png)
<use figures/korelacja.png>
Package pdftex.def Info: figures/korelacja.png  used on input line 185.
(pdftex.def)             Requested size: 370.2541pt x 370.24168pt.


[7 <./figures/pairplot.png>]
<figures/sprzedaz_samochodow.png, id=83, 867.24pt x 433.62pt>
File: figures/sprzedaz_samochodow.png Graphic file (type png)
<use figures/sprzedaz_samochodow.png>
Package pdftex.def Info: figures/sprzedaz_samochodow.png  used on input line 195.
(pdftex.def)             Requested size: 370.2541pt x 185.12967pt.


[8 <./figures/korelacja.png>]
<figures/sprzedaz_samochodow_cena_przebieg_rok.png, id=91, 867.24pt x 433.62pt>
File: figures/sprzedaz_samochodow_cena_przebieg_rok.png Graphic file (type png)
<use figures/sprzedaz_samochodow_cena_przebieg_rok.png>
Package pdftex.def Info: figures/sprzedaz_samochodow_cena_przebieg_rok.png  used on input line 205.
(pdftex.def)             Requested size: 370.2541pt x 185.12967pt.


[9 <./figures/sprzedaz_samochodow.png> <./figures/sprzedaz_samochodow_cena_przebieg_rok.png>]
<figures/liczba_sprzedanych_pojazdow_w_poszcegolnych_stanach.png, id=102, 867.24pt x 433.62pt>
File: figures/liczba_sprzedanych_pojazdow_w_poszcegolnych_stanach.png Graphic file (type png)
<use figures/liczba_sprzedanych_pojazdow_w_poszcegolnych_stanach.png>
Package pdftex.def Info: figures/liczba_sprzedanych_pojazdow_w_poszcegolnych_stanach.png  used on input line 215.
(pdftex.def)             Requested size: 370.2541pt x 185.12967pt.
<figures/liczba_sprzedanych_pojazdow_marka.png, id=103, 867.24pt x 433.62pt>
File: figures/liczba_sprzedanych_pojazdow_marka.png Graphic file (type png)
<use figures/liczba_sprzedanych_pojazdow_marka.png>
Package pdftex.def Info: figures/liczba_sprzedanych_pojazdow_marka.png  used on input line 225.
(pdftex.def)             Requested size: 370.2541pt x 185.12967pt.

Overfull \hbox (14.06029pt too wide) in paragraph at lines 230--231
\T1/cmr/m/n/10 Toy-ota oraz Dodge za-mykaj¡ czoªow¡ pi¡tk¦. Wynik ten mo»e odzwier-cied-la¢ pop-u-larno±¢ tych marek na rynku ameryka«skim,
 []

<figures/liczba_sprzedanych_pojazdow_rok.png, id=104, 867.24pt x 433.62pt>
File: figures/liczba_sprzedanych_pojazdow_rok.png Graphic file (type png)
<use figures/liczba_sprzedanych_pojazdow_rok.png>
Package pdftex.def Info: figures/liczba_sprzedanych_pojazdow_rok.png  used on input line 235.
(pdftex.def)             Requested size: 370.2541pt x 185.12967pt.


[10 <./figures/liczba_sprzedanych_pojazdow_w_poszcegolnych_stanach.png> <./figures/liczba_sprzedanych_pojazdow_marka.png>]
<figures/typ_nadwozia.png, id=115, 867.24pt x 433.62pt>
File: figures/typ_nadwozia.png Graphic file (type png)
<use figures/typ_nadwozia.png>
Package pdftex.def Info: figures/typ_nadwozia.png  used on input line 245.
(pdftex.def)             Requested size: 370.2541pt x 185.12967pt.
<figures/top_kolor_sprzedaz.png, id=116, 867.24pt x 433.62pt>
File: figures/top_kolor_sprzedaz.png Graphic file (type png)
<use figures/top_kolor_sprzedaz.png>
Package pdftex.def Info: figures/top_kolor_sprzedaz.png  used on input line 255.
(pdftex.def)             Requested size: 370.2541pt x 185.12967pt.


[11 <./figures/liczba_sprzedanych_pojazdow_rok.png> <./figures/typ_nadwozia.png>]

[12 <./figures/top_kolor_sprzedaz.png>]
LaTeX Font Info:    Font shape `T1/cmtt/bx/n' in size <10> not available
(Font)              Font shape `T1/cmtt/m/n' tried instead on input line 285.

Overfull \hbox (2.02463pt too wide) in paragraph at lines 301--302
 []\T1/cmr/bx/n/10 3. Usuni¦-cie warto±ci odsta-j¡-cych[] \T1/cmr/m/n/10 W celu usuni¦-cia warto±ci odsta-j¡-cych przeprowad-zono anal-iz¦ cech nu-merycznych
 []



[13] (./main.bbl

LaTeX Warning: Empty `thebibliography' environment on input line 3.

)

[14]

[15] (./main.aux)
 ***********
LaTeX2e <2024-06-01>
L3 programming layer <2024-05-08>
 ***********


LaTeX Warning: There were multiply-defined labels.

 ) 
Here is how much of TeX's memory you used:
 11981 strings out of 475559
 186636 string characters out of 5775834
 1941893 words of memory out of 5000000
 34373 multiletter control sequences out of 15000+600000
 571077 words of font info for 73 fonts, out of 8000000 for 9000
 14 hyphenation exceptions out of 8191
 75i,7n,79p,1070b,479s stack positions out of 10000i,1000n,20000p,200000b,200000s
 <c:/Users/Zuza/AppData/Roaming/TinyTeX/texmf-var/fonts/pk/ljfour/jknappen/ec/ecbx1000.600pk> <c:/Users/Zuza/AppData/Roaming/TinyTeX/texmf-var/fonts/pk/ljfour/jknappen/ec/ecbx1200.600pk> <c:/Users/Zuza/AppData/Roaming/TinyTeX/texmf-var/fonts/pk/ljfour/jknappen/ec/tcrm1000.600pk> <c:/Users/Zuza/AppData/Roaming/TinyTeX/texmf-var/fonts/pk/ljfour/jknappen/ec/ectt1000.600pk> <c:/Users/Zuza/AppData/Roaming/TinyTeX/texmf-var/fonts/pk/ljfour/jknappen/ec/ecrm1000.600pk> <c:/Users/Zuza/AppData/Roaming/TinyTeX/texmf-var/fonts/pk/ljfour/jknappen/ec/ecbx1440.600pk> <c:/Users/Zuza/AppData/Roaming/TinyTeX/texmf-var/fonts/pk/ljfour/jknappen/ec/ectt0900.600pk> <c:/Users/Zuza/AppData/Roaming/TinyTeX/texmf-var/fonts/pk/ljfour/jknappen/ec/ecrm1200.600pk> <c:/Users/Zuza/AppData/Roaming/TinyTeX/texmf-var/fonts/pk/ljfour/jknappen/ec/ecrm1728.600pk><c:/Users/Zuza/AppData/Roaming/TinyTeX/texmf-dist/fonts/type1/public/amsfonts/cm/cmmi10.pfb><c:/Users/Zuza/AppData/Roaming/TinyTeX/texmf-dist/fonts/type1/public/amsfonts/cm/cmr10.pfb><c:/Users/Zuza/AppData/Roaming/TinyTeX/texmf-dist/fonts/type1/public/amsfonts/cm/cmsy10.pfb>
Output written on main.pdf (15 pages, 4202098 bytes).
PDF statistics:
 587 PDF objects out of 1000 (max. 8388607)
 171 compressed objects within 2 object streams
 68 named destinations out of 1000 (max. 500000)
 91 words of extra memory for PDF output out of 10000 (max. 10000000)

